{"/Users/benhood/lighthouse/react/scheduler/src/components/Application.js": {"path":"/Users/benhood/lighthouse/react/scheduler/src/components/Application.js","statementMap":{"0":{"start":{"line":18,"column":4},"end":{"line":18,"column":24}},"1":{"start":{"line":20,"column":16},"end":{"line":20,"column":23}},"2":{"start":{"line":21,"column":15},"end":{"line":21,"column":21}},"3":{"start":{"line":23,"column":23},"end":{"line":23,"column":62}},"4":{"start":{"line":25,"column":23},"end":{"line":38,"column":3}},"5":{"start":{"line":27,"column":6},"end":{"line":36,"column":8}},"6":{"start":{"line":40,"column":2},"end":{"line":63,"column":4}}},"fnMap":{"0":{"name":"Application","decl":{"start":{"line":16,"column":24},"end":{"line":16,"column":35}},"loc":{"start":{"line":16,"column":43},"end":{"line":64,"column":1}},"line":16},"1":{"name":"(anonymous_1)","decl":{"start":{"line":26,"column":4},"end":{"line":26,"column":5}},"loc":{"start":{"line":26,"column":21},"end":{"line":37,"column":5}},"line":26}},"branchMap":{},"s":{"0":2,"1":2,"2":2,"3":2,"4":2,"5":2,"6":2},"f":{"0":2,"1":2},"b":{},"_coverageSchema":"43e27e138ebf9cfc5966b082cf9a028302ed4184","hash":"0ec0ef0ab082307dcceda8278e9620daeed91611"}
,"/Users/benhood/lighthouse/react/scheduler/src/components/Button.js": {"path":"/Users/benhood/lighthouse/react/scheduler/src/components/Button.js","statementMap":{"0":{"start":{"line":8,"column":22},"end":{"line":11,"column":4}},"1":{"start":{"line":13,"column":2},"end":{"line":21,"column":4}}},"fnMap":{"0":{"name":"Button","decl":{"start":{"line":7,"column":24},"end":{"line":7,"column":30}},"loc":{"start":{"line":7,"column":38},"end":{"line":22,"column":1}},"line":7}},"branchMap":{},"s":{"0":29,"1":29},"f":{"0":29},"b":{},"_coverageSchema":"43e27e138ebf9cfc5966b082cf9a028302ed4184","hash":"bc31d545a05da107cbcd27cfc5a20ef0e2909c81"}
,"/Users/benhood/lighthouse/react/scheduler/src/components/DayList.js": {"path":"/Users/benhood/lighthouse/react/scheduler/src/components/DayList.js","statementMap":{"0":{"start":{"line":6,"column":15},"end":{"line":16,"column":4}},"1":{"start":{"line":7,"column":4},"end":{"line":15,"column":6}},"2":{"start":{"line":18,"column":2},"end":{"line":18,"column":25}}},"fnMap":{"0":{"name":"DayList","decl":{"start":{"line":5,"column":24},"end":{"line":5,"column":31}},"loc":{"start":{"line":5,"column":39},"end":{"line":19,"column":1}},"line":5},"1":{"name":"(anonymous_1)","decl":{"start":{"line":6,"column":30},"end":{"line":6,"column":31}},"loc":{"start":{"line":6,"column":37},"end":{"line":16,"column":3}},"line":6}},"branchMap":{},"s":{"0":2,"1":2,"2":2},"f":{"0":2,"1":2},"b":{},"_coverageSchema":"43e27e138ebf9cfc5966b082cf9a028302ed4184","hash":"1ee4a30cb25336c6282fecb8d1206d6a69b2867c"}
,"/Users/benhood/lighthouse/react/scheduler/src/components/DayListItem.js": {"path":"/Users/benhood/lighthouse/react/scheduler/src/components/DayListItem.js","statementMap":{"0":{"start":{"line":7,"column":2},"end":{"line":7,"column":48}},"1":{"start":{"line":7,"column":20},"end":{"line":7,"column":48}},"2":{"start":{"line":8,"column":2},"end":{"line":8,"column":46}},"3":{"start":{"line":8,"column":20},"end":{"line":8,"column":46}},"4":{"start":{"line":10,"column":2},"end":{"line":10,"column":37}},"5":{"start":{"line":14,"column":19},"end":{"line":17,"column":4}},"6":{"start":{"line":19,"column":2},"end":{"line":28,"column":4}},"7":{"start":{"line":22,"column":21},"end":{"line":22,"column":45}}},"fnMap":{"0":{"name":"formatSpots","decl":{"start":{"line":6,"column":16},"end":{"line":6,"column":27}},"loc":{"start":{"line":6,"column":36},"end":{"line":11,"column":1}},"line":6},"1":{"name":"DayListItem","decl":{"start":{"line":13,"column":24},"end":{"line":13,"column":35}},"loc":{"start":{"line":13,"column":43},"end":{"line":29,"column":1}},"line":13},"2":{"name":"(anonymous_2)","decl":{"start":{"line":22,"column":15},"end":{"line":22,"column":16}},"loc":{"start":{"line":22,"column":21},"end":{"line":22,"column":45}},"line":22}},"branchMap":{"0":{"loc":{"start":{"line":7,"column":2},"end":{"line":7,"column":48}},"type":"if","locations":[{"start":{"line":7,"column":2},"end":{"line":7,"column":48}},{"start":{"line":7,"column":2},"end":{"line":7,"column":48}}],"line":7},"1":{"loc":{"start":{"line":8,"column":2},"end":{"line":8,"column":46}},"type":"if","locations":[{"start":{"line":8,"column":2},"end":{"line":8,"column":46}},{"start":{"line":8,"column":2},"end":{"line":8,"column":46}}],"line":8}},"s":{"0":2,"1":0,"2":2,"3":2,"4":0,"5":2,"6":2,"7":0},"f":{"0":2,"1":2,"2":0},"b":{"0":[0,2],"1":[2,0]},"_coverageSchema":"43e27e138ebf9cfc5966b082cf9a028302ed4184","hash":"de436574ae2728f0fee16941e8d80b5e07f117c6"}
,"/Users/benhood/lighthouse/react/scheduler/src/components/InterviewerList.js": {"path":"/Users/benhood/lighthouse/react/scheduler/src/components/InterviewerList.js","statementMap":{"0":{"start":{"line":9,"column":23},"end":{"line":20,"column":4}},"1":{"start":{"line":10,"column":4},"end":{"line":19,"column":6}},"2":{"start":{"line":17,"column":33},"end":{"line":17,"column":63}},"3":{"start":{"line":22,"column":2},"end":{"line":27,"column":4}},"4":{"start":{"line":30,"column":0},"end":{"line":34,"column":2}}},"fnMap":{"0":{"name":"InterviewerList","decl":{"start":{"line":8,"column":9},"end":{"line":8,"column":24}},"loc":{"start":{"line":8,"column":32},"end":{"line":28,"column":1}},"line":8},"1":{"name":"(anonymous_1)","decl":{"start":{"line":9,"column":46},"end":{"line":9,"column":47}},"loc":{"start":{"line":9,"column":61},"end":{"line":20,"column":3}},"line":9},"2":{"name":"(anonymous_2)","decl":{"start":{"line":17,"column":24},"end":{"line":17,"column":25}},"loc":{"start":{"line":17,"column":33},"end":{"line":17,"column":63}},"line":17}},"branchMap":{},"s":{"0":14,"1":14,"2":0,"3":14,"4":3},"f":{"0":14,"1":14,"2":0},"b":{},"_coverageSchema":"43e27e138ebf9cfc5966b082cf9a028302ed4184","hash":"e326f017c6d78c5d9c668387a2c9cf97c0087668"}
,"/Users/benhood/lighthouse/react/scheduler/src/components/InterviewerListItem.js": {"path":"/Users/benhood/lighthouse/react/scheduler/src/components/InterviewerListItem.js","statementMap":{"0":{"start":{"line":7,"column":20},"end":{"line":9,"column":4}},"1":{"start":{"line":11,"column":2},"end":{"line":20,"column":4}}},"fnMap":{"0":{"name":"InterviewerItem","decl":{"start":{"line":6,"column":24},"end":{"line":6,"column":39}},"loc":{"start":{"line":6,"column":47},"end":{"line":21,"column":1}},"line":6}},"branchMap":{"0":{"loc":{"start":{"line":18,"column":7},"end":{"line":18,"column":35}},"type":"binary-expr","locations":[{"start":{"line":18,"column":7},"end":{"line":18,"column":21}},{"start":{"line":18,"column":25},"end":{"line":18,"column":35}}],"line":18}},"s":{"0":14,"1":14},"f":{"0":14},"b":{"0":[14,4]},"_coverageSchema":"43e27e138ebf9cfc5966b082cf9a028302ed4184","hash":"fbee38330022cb6db3afe9cb5df41382f208aedf"}
,"/Users/benhood/lighthouse/react/scheduler/src/components/Appointment/Confirm.js": {"path":"/Users/benhood/lighthouse/react/scheduler/src/components/Appointment/Confirm.js","statementMap":{"0":{"start":{"line":6,"column":2},"end":{"line":18,"column":4}}},"fnMap":{"0":{"name":"Confirm","decl":{"start":{"line":5,"column":24},"end":{"line":5,"column":31}},"loc":{"start":{"line":5,"column":39},"end":{"line":19,"column":1}},"line":5}},"branchMap":{},"s":{"0":0},"f":{"0":0},"b":{},"_coverageSchema":"43e27e138ebf9cfc5966b082cf9a028302ed4184","hash":"5c67cda70b6f98d0fc6dec15c77367f2f5a1e569"}
,"/Users/benhood/lighthouse/react/scheduler/src/components/Appointment/Empty.js": {"path":"/Users/benhood/lighthouse/react/scheduler/src/components/Appointment/Empty.js","statementMap":{"0":{"start":{"line":4,"column":2},"end":{"line":13,"column":4}}},"fnMap":{"0":{"name":"Empty","decl":{"start":{"line":3,"column":24},"end":{"line":3,"column":29}},"loc":{"start":{"line":3,"column":37},"end":{"line":14,"column":1}},"line":3}},"branchMap":{},"s":{"0":4},"f":{"0":4},"b":{},"_coverageSchema":"43e27e138ebf9cfc5966b082cf9a028302ed4184","hash":"8842c46226db51f50300cfcbbc0ca91416cdd3b4"}
,"/Users/benhood/lighthouse/react/scheduler/src/components/Appointment/Error.js": {"path":"/Users/benhood/lighthouse/react/scheduler/src/components/Appointment/Error.js","statementMap":{"0":{"start":{"line":4,"column":2},"end":{"line":17,"column":4}}},"fnMap":{"0":{"name":"Error","decl":{"start":{"line":3,"column":24},"end":{"line":3,"column":29}},"loc":{"start":{"line":3,"column":37},"end":{"line":18,"column":1}},"line":3}},"branchMap":{},"s":{"0":0},"f":{"0":0},"b":{},"_coverageSchema":"43e27e138ebf9cfc5966b082cf9a028302ed4184","hash":"6f14c0605138e77e1a563f94714857e9024fb51d"}
,"/Users/benhood/lighthouse/react/scheduler/src/components/Appointment/Form.js": {"path":"/Users/benhood/lighthouse/react/scheduler/src/components/Appointment/Form.js","statementMap":{"0":{"start":{"line":7,"column":26},"end":{"line":7,"column":52}},"1":{"start":{"line":8,"column":40},"end":{"line":8,"column":75}},"2":{"start":{"line":9,"column":28},"end":{"line":9,"column":40}},"3":{"start":{"line":12,"column":4},"end":{"line":12,"column":16}},"4":{"start":{"line":13,"column":4},"end":{"line":13,"column":17}},"5":{"start":{"line":14,"column":4},"end":{"line":14,"column":25}},"6":{"start":{"line":18,"column":4},"end":{"line":18,"column":12}},"7":{"start":{"line":19,"column":4},"end":{"line":19,"column":21}},"8":{"start":{"line":23,"column":4},"end":{"line":26,"column":5}},"9":{"start":{"line":24,"column":6},"end":{"line":24,"column":47}},"10":{"start":{"line":25,"column":6},"end":{"line":25,"column":13}},"11":{"start":{"line":27,"column":4},"end":{"line":30,"column":5}},"12":{"start":{"line":28,"column":6},"end":{"line":28,"column":47}},"13":{"start":{"line":29,"column":6},"end":{"line":29,"column":13}},"14":{"start":{"line":32,"column":4},"end":{"line":32,"column":17}},"15":{"start":{"line":33,"column":4},"end":{"line":33,"column":36}},"16":{"start":{"line":36,"column":2},"end":{"line":70,"column":4}},"17":{"start":{"line":39,"column":54},"end":{"line":39,"column":76}},"18":{"start":{"line":47,"column":14},"end":{"line":47,"column":42}}},"fnMap":{"0":{"name":"Form","decl":{"start":{"line":6,"column":24},"end":{"line":6,"column":28}},"loc":{"start":{"line":6,"column":36},"end":{"line":71,"column":1}},"line":6},"1":{"name":"reset","decl":{"start":{"line":11,"column":11},"end":{"line":11,"column":16}},"loc":{"start":{"line":11,"column":19},"end":{"line":15,"column":3}},"line":11},"2":{"name":"cancel","decl":{"start":{"line":17,"column":11},"end":{"line":17,"column":17}},"loc":{"start":{"line":17,"column":20},"end":{"line":20,"column":3}},"line":17},"3":{"name":"validate","decl":{"start":{"line":22,"column":11},"end":{"line":22,"column":19}},"loc":{"start":{"line":22,"column":22},"end":{"line":34,"column":3}},"line":22},"4":{"name":"(anonymous_4)","decl":{"start":{"line":39,"column":43},"end":{"line":39,"column":44}},"loc":{"start":{"line":39,"column":54},"end":{"line":39,"column":76}},"line":39},"5":{"name":"(anonymous_5)","decl":{"start":{"line":46,"column":22},"end":{"line":46,"column":23}},"loc":{"start":{"line":46,"column":33},"end":{"line":48,"column":13}},"line":46}},"branchMap":{"0":{"loc":{"start":{"line":7,"column":35},"end":{"line":7,"column":51}},"type":"binary-expr","locations":[{"start":{"line":7,"column":35},"end":{"line":7,"column":45}},{"start":{"line":7,"column":49},"end":{"line":7,"column":51}}],"line":7},"1":{"loc":{"start":{"line":8,"column":49},"end":{"line":8,"column":74}},"type":"binary-expr","locations":[{"start":{"line":8,"column":49},"end":{"line":8,"column":66}},{"start":{"line":8,"column":70},"end":{"line":8,"column":74}}],"line":8},"2":{"loc":{"start":{"line":23,"column":4},"end":{"line":26,"column":5}},"type":"if","locations":[{"start":{"line":23,"column":4},"end":{"line":26,"column":5}},{"start":{"line":23,"column":4},"end":{"line":26,"column":5}}],"line":23},"3":{"loc":{"start":{"line":27,"column":4},"end":{"line":30,"column":5}},"type":"if","locations":[{"start":{"line":27,"column":4},"end":{"line":30,"column":5}},{"start":{"line":27,"column":4},"end":{"line":30,"column":5}}],"line":27}},"s":{"0":14,"1":14,"2":14,"3":1,"4":1,"5":1,"6":1,"7":1,"8":5,"9":2,"10":2,"11":3,"12":2,"13":2,"14":1,"15":1,"16":14,"17":0,"18":2},"f":{"0":14,"1":1,"2":1,"3":5,"4":0,"5":2},"b":{"0":[14,7],"1":[14,10],"2":[2,3],"3":[2,1]},"_coverageSchema":"43e27e138ebf9cfc5966b082cf9a028302ed4184","hash":"3c473d4ce5926976b5525df942a90ad3d1e52ae3"}
,"/Users/benhood/lighthouse/react/scheduler/src/components/Appointment/Header.js": {"path":"/Users/benhood/lighthouse/react/scheduler/src/components/Appointment/Header.js","statementMap":{"0":{"start":{"line":4,"column":2},"end":{"line":9,"column":4}}},"fnMap":{"0":{"name":"Header","decl":{"start":{"line":3,"column":24},"end":{"line":3,"column":30}},"loc":{"start":{"line":3,"column":38},"end":{"line":10,"column":1}},"line":3}},"branchMap":{},"s":{"0":5},"f":{"0":5},"b":{},"_coverageSchema":"43e27e138ebf9cfc5966b082cf9a028302ed4184","hash":"9b1e3b5beb2ca4423252eb114c744cc5fcbf0112"}
,"/Users/benhood/lighthouse/react/scheduler/src/components/Appointment/Show.js": {"path":"/Users/benhood/lighthouse/react/scheduler/src/components/Appointment/Show.js","statementMap":{"0":{"start":{"line":4,"column":2},"end":{"line":32,"column":4}}},"fnMap":{"0":{"name":"Show","decl":{"start":{"line":3,"column":24},"end":{"line":3,"column":28}},"loc":{"start":{"line":3,"column":36},"end":{"line":33,"column":1}},"line":3}},"branchMap":{"0":{"loc":{"start":{"line":11,"column":13},"end":{"line":11,"column":56}},"type":"binary-expr","locations":[{"start":{"line":11,"column":13},"end":{"line":11,"column":30}},{"start":{"line":11,"column":34},"end":{"line":11,"column":56}}],"line":11}},"s":{"0":1},"f":{"0":1},"b":{"0":[1,1]},"_coverageSchema":"43e27e138ebf9cfc5966b082cf9a028302ed4184","hash":"f912b71c0b761c35ec15d3b8f5fe8cfafb0e0621"}
,"/Users/benhood/lighthouse/react/scheduler/src/components/Appointment/Status.js": {"path":"/Users/benhood/lighthouse/react/scheduler/src/components/Appointment/Status.js","statementMap":{"0":{"start":{"line":4,"column":2},"end":{"line":13,"column":4}}},"fnMap":{"0":{"name":"Status","decl":{"start":{"line":3,"column":24},"end":{"line":3,"column":30}},"loc":{"start":{"line":3,"column":38},"end":{"line":14,"column":1}},"line":3}},"branchMap":{},"s":{"0":0},"f":{"0":0},"b":{},"_coverageSchema":"43e27e138ebf9cfc5966b082cf9a028302ed4184","hash":"7ebb57e6ef07c36bdb6cf2c59dadbae075f31057"}
,"/Users/benhood/lighthouse/react/scheduler/src/components/Appointment/index.js": {"path":"/Users/benhood/lighthouse/react/scheduler/src/components/Appointment/index.js","statementMap":{"0":{"start":{"line":16,"column":16},"end":{"line":16,"column":23}},"1":{"start":{"line":17,"column":15},"end":{"line":17,"column":21}},"2":{"start":{"line":18,"column":17},"end":{"line":18,"column":25}},"3":{"start":{"line":19,"column":15},"end":{"line":19,"column":21}},"4":{"start":{"line":20,"column":17},"end":{"line":20,"column":25}},"5":{"start":{"line":21,"column":19},"end":{"line":21,"column":29}},"6":{"start":{"line":22,"column":18},"end":{"line":22,"column":27}},"7":{"start":{"line":23,"column":21},"end":{"line":23,"column":33}},"8":{"start":{"line":24,"column":23},"end":{"line":24,"column":37}},"9":{"start":{"line":26,"column":37},"end":{"line":28,"column":3}},"10":{"start":{"line":31,"column":22},"end":{"line":34,"column":5}},"11":{"start":{"line":36,"column":4},"end":{"line":36,"column":23}},"12":{"start":{"line":38,"column":4},"end":{"line":41,"column":54}},"13":{"start":{"line":40,"column":18},"end":{"line":40,"column":34}},"14":{"start":{"line":41,"column":24},"end":{"line":41,"column":52}},"15":{"start":{"line":45,"column":4},"end":{"line":45,"column":31}},"16":{"start":{"line":46,"column":4},"end":{"line":49,"column":56}},"17":{"start":{"line":48,"column":18},"end":{"line":48,"column":35}},"18":{"start":{"line":49,"column":24},"end":{"line":49,"column":54}},"19":{"start":{"line":52,"column":2},"end":{"line":92,"column":4}},"20":{"start":{"line":55,"column":45},"end":{"line":55,"column":63}},"21":{"start":{"line":60,"column":26},"end":{"line":60,"column":45}},"22":{"start":{"line":61,"column":24},"end":{"line":61,"column":40}}},"fnMap":{"0":{"name":"Appointment","decl":{"start":{"line":15,"column":24},"end":{"line":15,"column":35}},"loc":{"start":{"line":15,"column":43},"end":{"line":93,"column":1}},"line":15},"1":{"name":"save","decl":{"start":{"line":30,"column":11},"end":{"line":30,"column":15}},"loc":{"start":{"line":30,"column":35},"end":{"line":42,"column":3}},"line":30},"2":{"name":"(anonymous_2)","decl":{"start":{"line":40,"column":12},"end":{"line":40,"column":13}},"loc":{"start":{"line":40,"column":18},"end":{"line":40,"column":34}},"line":40},"3":{"name":"(anonymous_3)","decl":{"start":{"line":41,"column":13},"end":{"line":41,"column":14}},"loc":{"start":{"line":41,"column":24},"end":{"line":41,"column":52}},"line":41},"4":{"name":"destroy","decl":{"start":{"line":44,"column":11},"end":{"line":44,"column":18}},"loc":{"start":{"line":44,"column":21},"end":{"line":50,"column":3}},"line":44},"5":{"name":"(anonymous_5)","decl":{"start":{"line":48,"column":12},"end":{"line":48,"column":13}},"loc":{"start":{"line":48,"column":18},"end":{"line":48,"column":35}},"line":48},"6":{"name":"(anonymous_6)","decl":{"start":{"line":49,"column":13},"end":{"line":49,"column":14}},"loc":{"start":{"line":49,"column":24},"end":{"line":49,"column":54}},"line":49},"7":{"name":"(anonymous_7)","decl":{"start":{"line":55,"column":39},"end":{"line":55,"column":40}},"loc":{"start":{"line":55,"column":45},"end":{"line":55,"column":63}},"line":55},"8":{"name":"(anonymous_8)","decl":{"start":{"line":60,"column":20},"end":{"line":60,"column":21}},"loc":{"start":{"line":60,"column":26},"end":{"line":60,"column":45}},"line":60},"9":{"name":"(anonymous_9)","decl":{"start":{"line":61,"column":18},"end":{"line":61,"column":19}},"loc":{"start":{"line":61,"column":24},"end":{"line":61,"column":40}},"line":61}},"branchMap":{"0":{"loc":{"start":{"line":27,"column":4},"end":{"line":27,"column":34}},"type":"cond-expr","locations":[{"start":{"line":27,"column":22},"end":{"line":27,"column":26}},{"start":{"line":27,"column":29},"end":{"line":27,"column":34}}],"line":27},"1":{"loc":{"start":{"line":55,"column":7},"end":{"line":55,"column":67}},"type":"binary-expr","locations":[{"start":{"line":55,"column":7},"end":{"line":55,"column":21}},{"start":{"line":55,"column":25},"end":{"line":55,"column":67}}],"line":55},"2":{"loc":{"start":{"line":56,"column":7},"end":{"line":63,"column":7}},"type":"binary-expr","locations":[{"start":{"line":56,"column":7},"end":{"line":56,"column":20}},{"start":{"line":57,"column":8},"end":{"line":62,"column":10}}],"line":56},"3":{"loc":{"start":{"line":64,"column":7},"end":{"line":66,"column":7}},"type":"binary-expr","locations":[{"start":{"line":64,"column":7},"end":{"line":64,"column":22}},{"start":{"line":65,"column":8},"end":{"line":65,"column":80}}],"line":64},"4":{"loc":{"start":{"line":67,"column":7},"end":{"line":75,"column":7}},"type":"binary-expr","locations":[{"start":{"line":67,"column":7},"end":{"line":67,"column":20}},{"start":{"line":68,"column":8},"end":{"line":74,"column":10}}],"line":67},"5":{"loc":{"start":{"line":76,"column":7},"end":{"line":76,"column":53}},"type":"binary-expr","locations":[{"start":{"line":76,"column":7},"end":{"line":76,"column":22}},{"start":{"line":76,"column":26},"end":{"line":76,"column":53}}],"line":76},"6":{"loc":{"start":{"line":77,"column":7},"end":{"line":77,"column":57}},"type":"binary-expr","locations":[{"start":{"line":77,"column":7},"end":{"line":77,"column":24}},{"start":{"line":77,"column":28},"end":{"line":77,"column":57}}],"line":77},"7":{"loc":{"start":{"line":78,"column":7},"end":{"line":84,"column":7}},"type":"binary-expr","locations":[{"start":{"line":78,"column":7},"end":{"line":78,"column":23}},{"start":{"line":79,"column":8},"end":{"line":83,"column":10}}],"line":78},"8":{"loc":{"start":{"line":85,"column":7},"end":{"line":87,"column":7}},"type":"binary-expr","locations":[{"start":{"line":85,"column":7},"end":{"line":85,"column":26}},{"start":{"line":86,"column":8},"end":{"line":86,"column":70}}],"line":85},"9":{"loc":{"start":{"line":88,"column":7},"end":{"line":90,"column":7}},"type":"binary-expr","locations":[{"start":{"line":88,"column":7},"end":{"line":88,"column":28}},{"start":{"line":89,"column":8},"end":{"line":89,"column":72}}],"line":88}},"s":{"0":5,"1":5,"2":5,"3":5,"4":5,"5":5,"6":5,"7":5,"8":5,"9":5,"10":0,"11":0,"12":0,"13":0,"14":0,"15":0,"16":0,"17":0,"18":0,"19":5,"20":0,"21":0,"22":0},"f":{"0":5,"1":0,"2":0,"3":0,"4":0,"5":0,"6":0,"7":0,"8":0,"9":0},"b":{"0":[1,4],"1":[5,4],"2":[5,1],"3":[5,0],"4":[5,0],"5":[5,0],"6":[5,0],"7":[5,0],"8":[5,0],"9":[5,0]},"_coverageSchema":"43e27e138ebf9cfc5966b082cf9a028302ed4184","hash":"da7ed8c95f060d1dbce5d0a61eb87c33f43e464f"}
,"/Users/benhood/lighthouse/react/scheduler/src/helpers/selectors.js": {"path":"/Users/benhood/lighthouse/react/scheduler/src/helpers/selectors.js","statementMap":{"0":{"start":{"line":2,"column":16},"end":{"line":2,"column":52}},"1":{"start":{"line":2,"column":37},"end":{"line":2,"column":51}},"2":{"start":{"line":4,"column":2},"end":{"line":4,"column":64}},"3":{"start":{"line":4,"column":54},"end":{"line":4,"column":64}},"4":{"start":{"line":6,"column":2},"end":{"line":6,"column":62}},"5":{"start":{"line":6,"column":38},"end":{"line":6,"column":60}},"6":{"start":{"line":10,"column":16},"end":{"line":10,"column":52}},"7":{"start":{"line":10,"column":37},"end":{"line":10,"column":51}},"8":{"start":{"line":12,"column":2},"end":{"line":12,"column":64}},"9":{"start":{"line":12,"column":54},"end":{"line":12,"column":64}},"10":{"start":{"line":14,"column":2},"end":{"line":14,"column":62}},"11":{"start":{"line":14,"column":38},"end":{"line":14,"column":60}},"12":{"start":{"line":18,"column":2},"end":{"line":23,"column":4}}},"fnMap":{"0":{"name":"getAppointmentsForDay","decl":{"start":{"line":1,"column":16},"end":{"line":1,"column":37}},"loc":{"start":{"line":1,"column":50},"end":{"line":7,"column":1}},"line":1},"1":{"name":"(anonymous_1)","decl":{"start":{"line":2,"column":32},"end":{"line":2,"column":33}},"loc":{"start":{"line":2,"column":37},"end":{"line":2,"column":51}},"line":2},"2":{"name":"(anonymous_2)","decl":{"start":{"line":6,"column":32},"end":{"line":6,"column":33}},"loc":{"start":{"line":6,"column":38},"end":{"line":6,"column":60}},"line":6},"3":{"name":"getInterviewersForDay","decl":{"start":{"line":9,"column":16},"end":{"line":9,"column":37}},"loc":{"start":{"line":9,"column":50},"end":{"line":15,"column":1}},"line":9},"4":{"name":"(anonymous_4)","decl":{"start":{"line":10,"column":32},"end":{"line":10,"column":33}},"loc":{"start":{"line":10,"column":37},"end":{"line":10,"column":51}},"line":10},"5":{"name":"(anonymous_5)","decl":{"start":{"line":14,"column":32},"end":{"line":14,"column":33}},"loc":{"start":{"line":14,"column":38},"end":{"line":14,"column":60}},"line":14},"6":{"name":"getInterview","decl":{"start":{"line":17,"column":16},"end":{"line":17,"column":28}},"loc":{"start":{"line":17,"column":47},"end":{"line":24,"column":1}},"line":17}},"branchMap":{"0":{"loc":{"start":{"line":4,"column":2},"end":{"line":4,"column":64}},"type":"if","locations":[{"start":{"line":4,"column":2},"end":{"line":4,"column":64}},{"start":{"line":4,"column":2},"end":{"line":4,"column":64}}],"line":4},"1":{"loc":{"start":{"line":4,"column":6},"end":{"line":4,"column":52}},"type":"binary-expr","locations":[{"start":{"line":4,"column":6},"end":{"line":4,"column":29}},{"start":{"line":4,"column":33},"end":{"line":4,"column":52}}],"line":4},"2":{"loc":{"start":{"line":12,"column":2},"end":{"line":12,"column":64}},"type":"if","locations":[{"start":{"line":12,"column":2},"end":{"line":12,"column":64}},{"start":{"line":12,"column":2},"end":{"line":12,"column":64}}],"line":12},"3":{"loc":{"start":{"line":12,"column":6},"end":{"line":12,"column":52}},"type":"binary-expr","locations":[{"start":{"line":12,"column":6},"end":{"line":12,"column":29}},{"start":{"line":12,"column":33},"end":{"line":12,"column":52}}],"line":12},"4":{"loc":{"start":{"line":19,"column":4},"end":{"line":22,"column":5}},"type":"binary-expr","locations":[{"start":{"line":19,"column":4},"end":{"line":19,"column":13}},{"start":{"line":19,"column":17},"end":{"line":22,"column":5}}],"line":19}},"s":{"0":7,"1":7,"2":7,"3":3,"4":4,"5":10,"6":7,"7":7,"8":7,"9":3,"10":4,"11":8,"12":4},"f":{"0":7,"1":7,"2":10,"3":7,"4":7,"5":8,"6":4},"b":{"0":[3,4],"1":[7,5],"2":[3,4],"3":[7,5],"4":[4,2]},"_coverageSchema":"43e27e138ebf9cfc5966b082cf9a028302ed4184","hash":"c061b261b94e2fe4a970cd9c14307260be4c72f2"}
,"/Users/benhood/lighthouse/react/scheduler/src/hooks/useApplicationData.js": {"path":"/Users/benhood/lighthouse/react/scheduler/src/hooks/useApplicationData.js","statementMap":{"0":{"start":{"line":14,"column":28},"end":{"line":19,"column":4}},"1":{"start":{"line":21,"column":17},"end":{"line":21,"column":56}},"2":{"start":{"line":21,"column":24},"end":{"line":21,"column":56}},"3":{"start":{"line":23,"column":2},"end":{"line":37,"column":9}},"4":{"start":{"line":24,"column":4},"end":{"line":36,"column":6}},"5":{"start":{"line":30,"column":8},"end":{"line":35,"column":10}},"6":{"start":{"line":39,"column":2},"end":{"line":39,"column":30}},"7":{"start":{"line":42,"column":4},"end":{"line":48,"column":7}},"8":{"start":{"line":43,"column":6},"end":{"line":47,"column":9}},"9":{"start":{"line":52,"column":4},"end":{"line":58,"column":7}},"10":{"start":{"line":53,"column":6},"end":{"line":57,"column":9}},"11":{"start":{"line":61,"column":2},"end":{"line":66,"column":4}}},"fnMap":{"0":{"name":"useApplicationData","decl":{"start":{"line":13,"column":24},"end":{"line":13,"column":42}},"loc":{"start":{"line":13,"column":45},"end":{"line":67,"column":1}},"line":13},"1":{"name":"(anonymous_1)","decl":{"start":{"line":21,"column":17},"end":{"line":21,"column":18}},"loc":{"start":{"line":21,"column":24},"end":{"line":21,"column":56}},"line":21},"2":{"name":"(anonymous_2)","decl":{"start":{"line":23,"column":12},"end":{"line":23,"column":13}},"loc":{"start":{"line":23,"column":18},"end":{"line":37,"column":3}},"line":23},"3":{"name":"(anonymous_3)","decl":{"start":{"line":29,"column":6},"end":{"line":29,"column":7}},"loc":{"start":{"line":30,"column":8},"end":{"line":35,"column":10}},"line":30},"4":{"name":"bookInterview","decl":{"start":{"line":41,"column":11},"end":{"line":41,"column":24}},"loc":{"start":{"line":41,"column":40},"end":{"line":49,"column":3}},"line":41},"5":{"name":"(anonymous_5)","decl":{"start":{"line":42,"column":68},"end":{"line":42,"column":69}},"loc":{"start":{"line":42,"column":74},"end":{"line":48,"column":5}},"line":42},"6":{"name":"cancelInterview","decl":{"start":{"line":51,"column":11},"end":{"line":51,"column":26}},"loc":{"start":{"line":51,"column":31},"end":{"line":59,"column":3}},"line":51},"7":{"name":"(anonymous_7)","decl":{"start":{"line":52,"column":56},"end":{"line":52,"column":57}},"loc":{"start":{"line":52,"column":62},"end":{"line":58,"column":5}},"line":52}},"branchMap":{},"s":{"0":2,"1":2,"2":0,"3":2,"4":1,"5":1,"6":2,"7":0,"8":0,"9":0,"10":0,"11":2},"f":{"0":2,"1":0,"2":1,"3":1,"4":0,"5":0,"6":0,"7":0},"b":{},"_coverageSchema":"43e27e138ebf9cfc5966b082cf9a028302ed4184","hash":"a9c372cbdb4d66c1b6d5f4f940f2840dcb42efbb"}
,"/Users/benhood/lighthouse/react/scheduler/src/hooks/useRealtimeUpdate.js": {"path":"/Users/benhood/lighthouse/react/scheduler/src/hooks/useRealtimeUpdate.js","statementMap":{"0":{"start":{"line":5,"column":2},"end":{"line":19,"column":17}},"1":{"start":{"line":6,"column":19},"end":{"line":6,"column":69}},"2":{"start":{"line":8,"column":4},"end":{"line":14,"column":6}},"3":{"start":{"line":9,"column":19},"end":{"line":9,"column":41}},"4":{"start":{"line":11,"column":6},"end":{"line":13,"column":7}},"5":{"start":{"line":12,"column":8},"end":{"line":12,"column":23}},"6":{"start":{"line":16,"column":4},"end":{"line":18,"column":6}},"7":{"start":{"line":17,"column":6},"end":{"line":17,"column":21}}},"fnMap":{"0":{"name":"useRealtimeUpdate","decl":{"start":{"line":4,"column":24},"end":{"line":4,"column":41}},"loc":{"start":{"line":4,"column":52},"end":{"line":20,"column":1}},"line":4},"1":{"name":"(anonymous_1)","decl":{"start":{"line":5,"column":12},"end":{"line":5,"column":13}},"loc":{"start":{"line":5,"column":18},"end":{"line":19,"column":3}},"line":5},"2":{"name":"(anonymous_2)","decl":{"start":{"line":8,"column":23},"end":{"line":8,"column":24}},"loc":{"start":{"line":8,"column":32},"end":{"line":14,"column":5}},"line":8},"3":{"name":"(anonymous_3)","decl":{"start":{"line":16,"column":11},"end":{"line":16,"column":12}},"loc":{"start":{"line":16,"column":17},"end":{"line":18,"column":5}},"line":16}},"branchMap":{"0":{"loc":{"start":{"line":11,"column":6},"end":{"line":13,"column":7}},"type":"if","locations":[{"start":{"line":11,"column":6},"end":{"line":13,"column":7}},{"start":{"line":11,"column":6},"end":{"line":13,"column":7}}],"line":11},"1":{"loc":{"start":{"line":11,"column":10},"end":{"line":11,"column":65}},"type":"binary-expr","locations":[{"start":{"line":11,"column":10},"end":{"line":11,"column":34}},{"start":{"line":11,"column":38},"end":{"line":11,"column":65}}],"line":11}},"s":{"0":2,"1":1,"2":1,"3":0,"4":0,"5":0,"6":1,"7":1},"f":{"0":2,"1":1,"2":0,"3":1},"b":{"0":[0,0],"1":[0,0]},"_coverageSchema":"43e27e138ebf9cfc5966b082cf9a028302ed4184","hash":"8e379ddc675361aa070e49c25d3efeea303c4fc0"}
,"/Users/benhood/lighthouse/react/scheduler/src/hooks/useVisualMode.js": {"path":"/Users/benhood/lighthouse/react/scheduler/src/hooks/useVisualMode.js","statementMap":{"0":{"start":{"line":4,"column":32},"end":{"line":4,"column":51}},"1":{"start":{"line":7,"column":4},"end":{"line":12,"column":5}},"2":{"start":{"line":8,"column":6},"end":{"line":8,"column":13}},"3":{"start":{"line":9,"column":6},"end":{"line":9,"column":47}},"4":{"start":{"line":9,"column":27},"end":{"line":9,"column":45}},"5":{"start":{"line":11,"column":6},"end":{"line":11,"column":47}},"6":{"start":{"line":11,"column":27},"end":{"line":11,"column":45}},"7":{"start":{"line":16,"column":4},"end":{"line":18,"column":5}},"8":{"start":{"line":17,"column":6},"end":{"line":17,"column":64}},"9":{"start":{"line":17,"column":27},"end":{"line":17,"column":62}},"10":{"start":{"line":21,"column":2},"end":{"line":21,"column":65}}},"fnMap":{"0":{"name":"useVisualMode","decl":{"start":{"line":3,"column":24},"end":{"line":3,"column":37}},"loc":{"start":{"line":3,"column":47},"end":{"line":22,"column":1}},"line":3},"1":{"name":"transition","decl":{"start":{"line":6,"column":11},"end":{"line":6,"column":21}},"loc":{"start":{"line":6,"column":48},"end":{"line":13,"column":3}},"line":6},"2":{"name":"(anonymous_2)","decl":{"start":{"line":9,"column":17},"end":{"line":9,"column":18}},"loc":{"start":{"line":9,"column":27},"end":{"line":9,"column":45}},"line":9},"3":{"name":"(anonymous_3)","decl":{"start":{"line":11,"column":17},"end":{"line":11,"column":18}},"loc":{"start":{"line":11,"column":27},"end":{"line":11,"column":45}},"line":11},"4":{"name":"back","decl":{"start":{"line":15,"column":11},"end":{"line":15,"column":15}},"loc":{"start":{"line":15,"column":18},"end":{"line":19,"column":3}},"line":15},"5":{"name":"(anonymous_5)","decl":{"start":{"line":17,"column":17},"end":{"line":17,"column":18}},"loc":{"start":{"line":17,"column":27},"end":{"line":17,"column":62}},"line":17}},"branchMap":{"0":{"loc":{"start":{"line":6,"column":31},"end":{"line":6,"column":46}},"type":"default-arg","locations":[{"start":{"line":6,"column":41},"end":{"line":6,"column":46}}],"line":6},"1":{"loc":{"start":{"line":7,"column":4},"end":{"line":12,"column":5}},"type":"if","locations":[{"start":{"line":7,"column":4},"end":{"line":12,"column":5}},{"start":{"line":7,"column":4},"end":{"line":12,"column":5}}],"line":7},"2":{"loc":{"start":{"line":16,"column":4},"end":{"line":18,"column":5}},"type":"if","locations":[{"start":{"line":16,"column":4},"end":{"line":18,"column":5}},{"start":{"line":16,"column":4},"end":{"line":18,"column":5}}],"line":16}},"s":{"0":18,"1":5,"2":1,"3":1,"4":1,"5":4,"6":4,"7":5,"8":4,"9":4,"10":18},"f":{"0":18,"1":5,"2":1,"3":4,"4":5,"5":4},"b":{"0":[4],"1":[1,4],"2":[4,1]},"_coverageSchema":"43e27e138ebf9cfc5966b082cf9a028302ed4184","hash":"77aa2242fb7256424e5c0fa5b15327fe8e8b7073"}
,"/Users/benhood/lighthouse/react/scheduler/src/hooks/useVisualModes.js": {"path":"/Users/benhood/lighthouse/react/scheduler/src/hooks/useVisualModes.js","statementMap":{},"fnMap":{},"branchMap":{},"s":{},"f":{},"b":{},"hash":"5893df90f5f49fa7819afafd0c86dae9e8d67fce"}
,"/Users/benhood/lighthouse/react/scheduler/src/reducers/application.js": {"path":"/Users/benhood/lighthouse/react/scheduler/src/reducers/application.js","statementMap":{"0":{"start":{"line":1,"column":23},"end":{"line":1,"column":32}},"1":{"start":{"line":2,"column":36},"end":{"line":2,"column":58}},"2":{"start":{"line":3,"column":29},"end":{"line":3,"column":44}},"3":{"start":{"line":6,"column":2},"end":{"line":53,"column":3}},"4":{"start":{"line":8,"column":6},"end":{"line":8,"column":43}},"5":{"start":{"line":10,"column":6},"end":{"line":15,"column":8}},"6":{"start":{"line":17,"column":26},"end":{"line":20,"column":7}},"7":{"start":{"line":22,"column":27},"end":{"line":25,"column":7}},"8":{"start":{"line":27,"column":29},"end":{"line":32,"column":9}},"9":{"start":{"line":28,"column":8},"end":{"line":32,"column":9}},"10":{"start":{"line":30,"column":26},"end":{"line":30,"column":72}},"11":{"start":{"line":34,"column":19},"end":{"line":41,"column":8}},"12":{"start":{"line":35,"column":8},"end":{"line":40,"column":16}},"13":{"start":{"line":43,"column":6},"end":{"line":47,"column":8}},"14":{"start":{"line":50,"column":6},"end":{"line":52,"column":8}}},"fnMap":{"0":{"name":"reducer","decl":{"start":{"line":5,"column":24},"end":{"line":5,"column":31}},"loc":{"start":{"line":5,"column":47},"end":{"line":54,"column":1}},"line":5},"1":{"name":"(anonymous_1)","decl":{"start":{"line":27,"column":29},"end":{"line":27,"column":30}},"loc":{"start":{"line":28,"column":8},"end":{"line":32,"column":9}},"line":28},"2":{"name":"(anonymous_2)","decl":{"start":{"line":30,"column":10},"end":{"line":30,"column":11}},"loc":{"start":{"line":30,"column":26},"end":{"line":30,"column":72}},"line":30},"3":{"name":"(anonymous_3)","decl":{"start":{"line":34,"column":34},"end":{"line":34,"column":35}},"loc":{"start":{"line":34,"column":41},"end":{"line":41,"column":7}},"line":34}},"branchMap":{"0":{"loc":{"start":{"line":6,"column":2},"end":{"line":53,"column":3}},"type":"switch","locations":[{"start":{"line":7,"column":4},"end":{"line":8,"column":43}},{"start":{"line":9,"column":4},"end":{"line":15,"column":8}},{"start":{"line":16,"column":4},"end":{"line":48,"column":5}},{"start":{"line":49,"column":4},"end":{"line":52,"column":8}}],"line":6},"1":{"loc":{"start":{"line":19,"column":19},"end":{"line":19,"column":62}},"type":"binary-expr","locations":[{"start":{"line":19,"column":19},"end":{"line":19,"column":35}},{"start":{"line":19,"column":39},"end":{"line":19,"column":62}}],"line":19},"2":{"loc":{"start":{"line":30,"column":26},"end":{"line":30,"column":72}},"type":"cond-expr","locations":[{"start":{"line":30,"column":55},"end":{"line":30,"column":64}},{"start":{"line":30,"column":67},"end":{"line":30,"column":72}}],"line":30},"3":{"loc":{"start":{"line":35,"column":15},"end":{"line":40,"column":15}},"type":"cond-expr","locations":[{"start":{"line":36,"column":12},"end":{"line":39,"column":13}},{"start":{"line":40,"column":12},"end":{"line":40,"column":15}}],"line":35}},"s":{"0":2,"1":2,"2":2,"3":2,"4":0,"5":1,"6":0,"7":0,"8":0,"9":0,"10":0,"11":0,"12":0,"13":0,"14":1},"f":{"0":2,"1":0,"2":0,"3":0},"b":{"0":[0,1,0,1],"1":[0,0],"2":[0,0],"3":[0,0]},"_coverageSchema":"43e27e138ebf9cfc5966b082cf9a028302ed4184","hash":"a49700fdb0bfae1f55a9f64983d9cc474510c0fc"}
}
